c:\users\johng\source\repos\perceptron\perceptron\debug\vc142.pdb
c:\users\johng\source\repos\perceptron\perceptron\debug\vc142.idb
c:\users\johng\source\repos\perceptron\perceptron\debug\perceptron.obj
c:\users\johng\source\repos\perceptron\perceptron\debug\main.obj
c:\users\johng\source\repos\perceptron\debug\perceptron.pdb
c:\users\johng\source\repos\perceptron\perceptron\debug\perceptron.tlog\cl.command.1.tlog
c:\users\johng\source\repos\perceptron\perceptron\debug\perceptron.tlog\cl.read.1.tlog
c:\users\johng\source\repos\perceptron\perceptron\debug\perceptron.tlog\cl.write.1.tlog
c:\users\johng\source\repos\perceptron\perceptron\debug\perceptron.tlog\link-cvtres.read.1.tlog
c:\users\johng\source\repos\perceptron\perceptron\debug\perceptron.tlog\link-cvtres.write.1.tlog
c:\users\johng\source\repos\perceptron\perceptron\debug\perceptron.tlog\link-rc.read.1.tlog
c:\users\johng\source\repos\perceptron\perceptron\debug\perceptron.tlog\link-rc.write.1.tlog
c:\users\johng\source\repos\perceptron\perceptron\debug\perceptron.tlog\link.3120-cvtres.read.1.tlog
c:\users\johng\source\repos\perceptron\perceptron\debug\perceptron.tlog\link.3120-cvtres.write.1.tlog
c:\users\johng\source\repos\perceptron\perceptron\debug\perceptron.tlog\link.3120-rc.read.1.tlog
c:\users\johng\source\repos\perceptron\perceptron\debug\perceptron.tlog\link.3120-rc.write.1.tlog
c:\users\johng\source\repos\perceptron\perceptron\debug\perceptron.tlog\link.3120.read.1.tlog
c:\users\johng\source\repos\perceptron\perceptron\debug\perceptron.tlog\link.3120.write.1.tlog
c:\users\johng\source\repos\perceptron\perceptron\debug\perceptron.tlog\link.command.1.tlog
c:\users\johng\source\repos\perceptron\perceptron\debug\perceptron.tlog\link.read.1.tlog
c:\users\johng\source\repos\perceptron\perceptron\debug\perceptron.tlog\link.write.1.tlog
